[30/Jun/2016 13:11:27] "GET / HTTP/1.1" 500 103715
[30/Jun/2016 13:11:28] "GET /favicon.ico HTTP/1.1" 500 118771
[30/Jun/2016 13:11:28] "GET /favicon.ico HTTP/1.1" 500 118775
Performing system checks...

System check identified no issues (0 silenced).
June 30, 2016 - 13:11:25
Django version 1.8.4, using settings 'ecommerce2.settings'
Starting development server at http://127.0.0.1:8000/
Quit the server with CONTROL-C.
[30/Jun/2016 13:11:53] "GET / HTTP/1.1" 500 101607
[30/Jun/2016 13:12:46] "GET / HTTP/1.1" 200 11882
[30/Jun/2016 13:12:46] "GET /static/css/navbar-static-top.css HTTP/1.1" 200 516
[30/Jun/2016 13:12:46] "GET /static/js/ie10-viewport-bug-workaround.js HTTP/1.1" 200 694
[30/Jun/2016 13:12:46] "GET /static/js/custom.js HTTP/1.1" 200 616
[30/Jun/2016 13:12:46] "GET /static/css/bootstrap.min.css HTTP/1.1" 200 117305
[30/Jun/2016 13:12:46] "GET /static/js/bootstrap.min.js HTTP/1.1" 200 35951
[30/Jun/2016 13:12:46] "GET /static/css/custom.css HTTP/1.1" 200 321
[30/Jun/2016 13:12:46] "GET /media/products/iphone-cover/iphone-cover-2_8x7c3td.jpg HTTP/1.1" 200 19815
[30/Jun/2016 13:12:46] "GET /media/products/water-bottle/water-bottle-None.jpg HTTP/1.1" 200 115695
[30/Jun/2016 13:12:46] "GET /media/products/iphone/iphone-None.jpeg HTTP/1.1" 200 80699
[30/Jun/2016 13:12:46] "GET /media/products/mp3-player/mp3_player.jpg HTTP/1.1" 200 75417
[30/Jun/2016 13:12:46] "GET /media/products/charging-cable/charging-cable-None.png HTTP/1.1" 200 86145
[30/Jun/2016 13:12:46] "GET /media/products/headphones/headphones-None.jpg HTTP/1.1" 200 22367
[30/Jun/2016 13:12:46] "GET /media/products/iphone/featured/iphone-None.jpg HTTP/1.1" 200 297069
[30/Jun/2016 13:12:47] "GET /cart/count/ HTTP/1.1" 200 12
[30/Jun/2016 13:13:09] "GET /api HTTP/1.1" 404 4700
[30/Jun/2016 13:13:22] "GET /api/categories HTTP/1.1" 301 0
[30/Jun/2016 13:13:22] "GET /api/categories/ HTTP/1.1" 200 9678
[30/Jun/2016 13:13:22] "GET /static/rest_framework/css/prettify.css HTTP/1.1" 200 817
[30/Jun/2016 13:13:22] "GET /static/rest_framework/css/default.css HTTP/1.1" 200 1132
[30/Jun/2016 13:13:22] "GET /static/rest_framework/js/ajax-form.js HTTP/1.1" 200 3170
[30/Jun/2016 13:13:22] "GET /static/rest_framework/css/bootstrap.min.css HTTP/1.1" 200 122540
[30/Jun/2016 13:13:22] "GET /static/rest_framework/js/jquery-1.11.3.min.js HTTP/1.1" 200 95957
[30/Jun/2016 13:13:22] "GET /static/rest_framework/js/csrf.js HTTP/1.1" 200 1832
[30/Jun/2016 13:13:22] "GET /static/rest_framework/js/prettify-min.js HTTP/1.1" 200 13632
[30/Jun/2016 13:13:22] "GET /static/rest_framework/css/bootstrap-tweaks.css HTTP/1.1" 200 3399
[30/Jun/2016 13:13:22] "GET /static/rest_framework/js/bootstrap.min.js HTTP/1.1" 200 36816
[30/Jun/2016 13:13:22] "GET /static/rest_framework/js/default.js HTTP/1.1" 200 1760
[30/Jun/2016 13:13:23] "GET /static/rest_framework/img/grid.png HTTP/1.1" 200 1458
[30/Jun/2016 13:55:46] "GET /api/create HTTP/1.1" 404 4721
[30/Jun/2016 13:56:02] "GET /api/products/create HTTP/1.1" 301 0
[30/Jun/2016 13:56:02] "GET /api/products/create/ HTTP/1.1" 405 7079
[30/Jun/2016 13:56:25] "GET /api/product/1 HTTP/1.1" 404 4730
[30/Jun/2016 13:56:34] "GET /api/products/1 HTTP/1.1" 301 0
[30/Jun/2016 13:56:34] "GET /api/products/1/ HTTP/1.1" 200 14193
[30/Jun/2016 13:56:44] "GET /api/products/6/ HTTP/1.1" 200 10511
Performing system checks...

System check identified no issues (0 silenced).
June 30, 2016 - 13:11:49
Django version 1.8.4, using settings 'ecommerce2.settings'
Starting development server at http://127.0.0.1:8000/
Quit the server with CONTROL-C.
[30/Jun/2016 14:22:08] "GET /api/category/1 HTTP/1.1" 500 117952
[30/Jun/2016 14:23:07] "GET /api/category/1 HTTP/1.1" 500 123692
[30/Jun/2016 14:23:23] "GET /api/category/1 HTTP/1.1" 500 123692
[30/Jun/2016 14:23:55] "GET /api/category/1 HTTP/1.1" 404 4583
[30/Jun/2016 14:24:09] "GET /api/categories/1 HTTP/1.1" 301 0
[30/Jun/2016 14:24:09] "GET /api/categories/1/ HTTP/1.1" 200 7882
Performing system checks...

System check identified no issues (0 silenced).
June 30, 2016 - 14:12:00
Django version 1.8.4, using settings 'ecommerce2.settings'
Starting development server at http://127.0.0.1:8000/
Quit the server with CONTROL-C.
[30/Jun/2016 14:26:12] "GET /api/categories/1/ HTTP/1.1" 200 7882
[30/Jun/2016 14:26:13] "GET /static/rest_framework/css/bootstrap-tweaks.css HTTP/1.1" 304 0
[30/Jun/2016 14:26:13] "GET /static/rest_framework/css/bootstrap.min.css HTTP/1.1" 304 0
[30/Jun/2016 14:26:13] "GET /static/rest_framework/css/prettify.css HTTP/1.1" 304 0
[30/Jun/2016 14:26:13] "GET /static/rest_framework/js/ajax-form.js HTTP/1.1" 304 0
[30/Jun/2016 14:26:13] "GET /static/rest_framework/js/jquery-1.11.3.min.js HTTP/1.1" 304 0
[30/Jun/2016 14:26:13] "GET /static/rest_framework/js/csrf.js HTTP/1.1" 304 0
[30/Jun/2016 14:26:13] "GET /static/rest_framework/js/bootstrap.min.js HTTP/1.1" 304 0
[30/Jun/2016 14:26:13] "GET /static/rest_framework/js/prettify-min.js HTTP/1.1" 304 0
[30/Jun/2016 14:26:13] "GET /static/rest_framework/js/default.js HTTP/1.1" 304 0
[30/Jun/2016 14:26:13] "GET /static/rest_framework/css/default.css HTTP/1.1" 304 0
[30/Jun/2016 14:26:13] "GET /static/rest_framework/img/grid.png HTTP/1.1" 304 0
[30/Jun/2016 14:26:23] "GET /api/categories/1/ HTTP/1.1" 200 7882
[30/Jun/2016 14:26:31] "GET /api/products/2/ HTTP/1.1" 200 5131
[30/Jun/2016 14:27:07] "GET /api/categories/ HTTP/1.1" 200 9678
[30/Jun/2016 14:27:10] "GET /api/categories/1/ HTTP/1.1" 200 7882
[30/Jun/2016 14:27:50] "GET / HTTP/1.1" 200 12086
[30/Jun/2016 14:27:51] "GET /cart/count/ HTTP/1.1" 200 12
Performing system checks...

System check identified no issues (0 silenced).
June 30, 2016 - 14:25:20
Django version 1.8.4, using settings 'ecommerce2.settings'
Starting development server at http://127.0.0.1:8000/
Quit the server with CONTROL-C.
[30/Jun/2016 14:30:41] "GET /api/categories/1/ HTTP/1.1" 200 7882
[30/Jun/2016 14:30:41] "GET /static/rest_framework/css/prettify.css HTTP/1.1" 304 0
[30/Jun/2016 14:30:41] "GET /static/rest_framework/css/bootstrap-tweaks.css HTTP/1.1" 304 0
[30/Jun/2016 14:30:41] "GET /static/rest_framework/css/bootstrap.min.css HTTP/1.1" 304 0
[30/Jun/2016 14:30:41] "GET /static/rest_framework/js/jquery-1.11.3.min.js HTTP/1.1" 304 0
[30/Jun/2016 14:30:41] "GET /static/rest_framework/css/default.css HTTP/1.1" 304 0
[30/Jun/2016 14:30:41] "GET /static/rest_framework/js/ajax-form.js HTTP/1.1" 304 0
[30/Jun/2016 14:30:41] "GET /static/rest_framework/js/csrf.js HTTP/1.1" 304 0
[30/Jun/2016 14:30:41] "GET /static/rest_framework/js/bootstrap.min.js HTTP/1.1" 304 0
[30/Jun/2016 14:30:41] "GET /static/rest_framework/js/default.js HTTP/1.1" 304 0
[30/Jun/2016 14:30:41] "GET /static/rest_framework/js/prettify-min.js HTTP/1.1" 304 0
[30/Jun/2016 14:30:41] "GET /static/rest_framework/img/grid.png HTTP/1.1" 304 0
[30/Jun/2016 14:30:46] "GET /api/categories/ HTTP/1.1" 200 9678
[30/Jun/2016 14:30:48] "GET /api/products/2/ HTTP/1.1" 200 5131
Performing system checks...

System check identified no issues (0 silenced).
June 30, 2016 - 14:30:12
Django version 1.8.4, using settings 'ecommerce2.settings'
Starting development server at http://127.0.0.1:8000/
Quit the server with CONTROL-C.
[30/Jun/2016 14:33:15] "GET /api/categories/ HTTP/1.1" 200 9678
[30/Jun/2016 14:33:15] "GET /static/rest_framework/css/bootstrap-tweaks.css HTTP/1.1" 304 0
[30/Jun/2016 14:33:15] "GET /static/rest_framework/css/bootstrap.min.css HTTP/1.1" 304 0
[30/Jun/2016 14:33:15] "GET /static/rest_framework/css/prettify.css HTTP/1.1" 304 0
[30/Jun/2016 14:33:15] "GET /static/rest_framework/js/jquery-1.11.3.min.js HTTP/1.1" 304 0
[30/Jun/2016 14:33:15] "GET /static/rest_framework/js/csrf.js HTTP/1.1" 304 0
[30/Jun/2016 14:33:15] "GET /static/rest_framework/css/default.css HTTP/1.1" 304 0
[30/Jun/2016 14:33:15] "GET /static/rest_framework/js/ajax-form.js HTTP/1.1" 304 0
[30/Jun/2016 14:33:15] "GET /static/rest_framework/js/bootstrap.min.js HTTP/1.1" 304 0
[30/Jun/2016 14:33:15] "GET /static/rest_framework/js/prettify-min.js HTTP/1.1" 304 0
[30/Jun/2016 14:33:15] "GET /static/rest_framework/js/default.js HTTP/1.1" 304 0
[30/Jun/2016 14:33:16] "GET /static/rest_framework/img/grid.png HTTP/1.1" 304 0
Performing system checks...

System check identified no issues (0 silenced).
June 30, 2016 - 14:31:58
Django version 1.8.4, using settings 'ecommerce2.settings'
Starting development server at http://127.0.0.1:8000/
Quit the server with CONTROL-C.
[30/Jun/2016 14:33:45] "GET /api/categories/ HTTP/1.1" 200 9678
[30/Jun/2016 14:33:45] "GET /static/rest_framework/css/bootstrap.min.css HTTP/1.1" 304 0
[30/Jun/2016 14:33:45] "GET /static/rest_framework/css/bootstrap-tweaks.css HTTP/1.1" 304 0
[30/Jun/2016 14:33:45] "GET /static/rest_framework/css/default.css HTTP/1.1" 304 0
[30/Jun/2016 14:33:45] "GET /static/rest_framework/css/prettify.css HTTP/1.1" 304 0
[30/Jun/2016 14:33:45] "GET /static/rest_framework/js/jquery-1.11.3.min.js HTTP/1.1" 304 0
[30/Jun/2016 14:33:45] "GET /static/rest_framework/js/csrf.js HTTP/1.1" 304 0
[30/Jun/2016 14:33:45] "GET /static/rest_framework/js/ajax-form.js HTTP/1.1" 304 0
[30/Jun/2016 14:33:45] "GET /static/rest_framework/js/default.js HTTP/1.1" 304 0
[30/Jun/2016 14:33:45] "GET /static/rest_framework/js/bootstrap.min.js HTTP/1.1" 304 0
[30/Jun/2016 14:33:45] "GET /static/rest_framework/js/prettify-min.js HTTP/1.1" 304 0
[30/Jun/2016 14:33:45] "GET /static/rest_framework/img/grid.png HTTP/1.1" 304 0
[30/Jun/2016 14:33:47] "GET /api/categories/1/ HTTP/1.1" 200 7882
Performing system checks...

System check identified no issues (0 silenced).
June 30, 2016 - 14:33:42
Django version 1.8.4, using settings 'ecommerce2.settings'
Starting development server at http://127.0.0.1:8000/
Quit the server with CONTROL-C.
Performing system checks...

System check identified no issues (0 silenced).
June 30, 2016 - 14:37:08
Django version 1.8.4, using settings 'ecommerce2.settings'
Starting development server at http://127.0.0.1:8000/
Quit the server with CONTROL-C.
[30/Jun/2016 15:00:46] "GET /admin HTTP/1.1" 301 0
[30/Jun/2016 15:00:47] "GET /admin/ HTTP/1.1" 302 0
[30/Jun/2016 15:00:47] "GET /admin/login/?next=/admin/ HTTP/1.1" 200 1915
[30/Jun/2016 15:00:47] "GET /static/admin/css/login.css HTTP/1.1" 200 940
[30/Jun/2016 15:00:47] "GET /static/admin/css/base.css HTTP/1.1" 200 14049
[30/Jun/2016 15:00:47] "GET /static/admin/img/nav-bg.gif HTTP/1.1" 200 265
[30/Jun/2016 15:00:52] "GET /api/categories/1/ HTTP/1.1" 200 7882
[30/Jun/2016 15:00:52] "GET /static/rest_framework/css/prettify.css HTTP/1.1" 304 0
[30/Jun/2016 15:00:52] "GET /static/rest_framework/css/bootstrap-tweaks.css HTTP/1.1" 304 0
[30/Jun/2016 15:00:52] "GET /static/rest_framework/css/bootstrap.min.css HTTP/1.1" 304 0
[30/Jun/2016 15:00:53] "GET /static/rest_framework/css/default.css HTTP/1.1" 304 0
[30/Jun/2016 15:00:53] "GET /static/rest_framework/js/jquery-1.11.3.min.js HTTP/1.1" 304 0
[30/Jun/2016 15:00:53] "GET /static/rest_framework/js/ajax-form.js HTTP/1.1" 304 0
[30/Jun/2016 15:00:53] "GET /static/rest_framework/js/csrf.js HTTP/1.1" 304 0
[30/Jun/2016 15:00:53] "GET /static/rest_framework/js/prettify-min.js HTTP/1.1" 304 0
[30/Jun/2016 15:00:53] "GET /static/rest_framework/js/bootstrap.min.js HTTP/1.1" 304 0
[30/Jun/2016 15:00:53] "GET /static/rest_framework/js/default.js HTTP/1.1" 304 0
[30/Jun/2016 15:00:53] "GET /static/rest_framework/img/grid.png HTTP/1.1" 304 0
Performing system checks...

System check identified no issues (0 silenced).
June 30, 2016 - 14:40:30
Django version 1.8.4, using settings 'ecommerce2.settings'
Starting development server at http://127.0.0.1:8000/
Quit the server with CONTROL-C.
[30/Jun/2016 15:02:50] "GET /api/categories/1/ HTTP/1.1" 500 101529
[30/Jun/2016 15:03:22] "GET /api/categories/1/ HTTP/1.1" 500 101726
[30/Jun/2016 15:05:37] "GET /api/categories/1/ HTTP/1.1" 200 7882
[30/Jun/2016 15:05:38] "GET /static/rest_framework/css/bootstrap.min.css HTTP/1.1" 304 0
[30/Jun/2016 15:05:38] "GET /static/rest_framework/css/bootstrap-tweaks.css HTTP/1.1" 304 0
[30/Jun/2016 15:05:38] "GET /static/rest_framework/css/default.css HTTP/1.1" 304 0
[30/Jun/2016 15:05:38] "GET /static/rest_framework/css/prettify.css HTTP/1.1" 304 0
[30/Jun/2016 15:05:38] "GET /static/rest_framework/js/jquery-1.11.3.min.js HTTP/1.1" 304 0
[30/Jun/2016 15:05:38] "GET /static/rest_framework/js/csrf.js HTTP/1.1" 304 0
[30/Jun/2016 15:05:38] "GET /static/rest_framework/js/ajax-form.js HTTP/1.1" 304 0
[30/Jun/2016 15:05:38] "GET /static/rest_framework/js/prettify-min.js HTTP/1.1" 304 0
[30/Jun/2016 15:05:38] "GET /static/rest_framework/js/bootstrap.min.js HTTP/1.1" 304 0
[30/Jun/2016 15:05:38] "GET /static/rest_framework/js/default.js HTTP/1.1" 304 0
[30/Jun/2016 15:05:38] "GET /static/rest_framework/img/grid.png HTTP/1.1" 304 0
Performing system checks...

System check identified no issues (0 silenced).
June 30, 2016 - 15:02:08
Django version 1.8.4, using settings 'ecommerce2.settings'
Starting development server at http://127.0.0.1:8000/
Quit the server with CONTROL-C.
[30/Jun/2016 15:06:33] "GET /api/categories/1/ HTTP/1.1" 200 7882
[30/Jun/2016 15:06:33] "GET /static/rest_framework/css/bootstrap.min.css HTTP/1.1" 304 0
[30/Jun/2016 15:06:33] "GET /static/rest_framework/css/bootstrap-tweaks.css HTTP/1.1" 304 0
[30/Jun/2016 15:06:33] "GET /static/rest_framework/css/prettify.css HTTP/1.1" 304 0
[30/Jun/2016 15:06:33] "GET /static/rest_framework/js/jquery-1.11.3.min.js HTTP/1.1" 304 0
[30/Jun/2016 15:06:33] "GET /static/rest_framework/js/ajax-form.js HTTP/1.1" 304 0
[30/Jun/2016 15:06:33] "GET /static/rest_framework/css/default.css HTTP/1.1" 304 0
[30/Jun/2016 15:06:33] "GET /static/rest_framework/js/csrf.js HTTP/1.1" 304 0
[30/Jun/2016 15:06:33] "GET /static/rest_framework/js/bootstrap.min.js HTTP/1.1" 304 0
[30/Jun/2016 15:06:33] "GET /static/rest_framework/js/default.js HTTP/1.1" 304 0
[30/Jun/2016 15:06:33] "GET /static/rest_framework/js/prettify-min.js HTTP/1.1" 304 0
[30/Jun/2016 15:06:33] "GET /static/rest_framework/img/grid.png HTTP/1.1" 304 0
[30/Jun/2016 15:07:00] "GET /api/categories/ HTTP/1.1" 200 9678
[30/Jun/2016 15:07:00] "GET /static/rest_framework/css/bootstrap.min.css HTTP/1.1" 200 122540
[30/Jun/2016 15:07:00] "GET /static/rest_framework/css/bootstrap-tweaks.css HTTP/1.1" 200 3399
[30/Jun/2016 15:07:00] "GET /static/rest_framework/js/ajax-form.js HTTP/1.1" 200 3170
[30/Jun/2016 15:07:00] "GET /static/rest_framework/css/default.css HTTP/1.1" 200 1132
[30/Jun/2016 15:07:00] "GET /static/rest_framework/js/jquery-1.11.3.min.js HTTP/1.1" 200 95957
[30/Jun/2016 15:07:00] "GET /static/rest_framework/css/prettify.css HTTP/1.1" 200 817
[30/Jun/2016 15:07:00] "GET /static/rest_framework/js/csrf.js HTTP/1.1" 200 1832
[30/Jun/2016 15:07:00] "GET /static/rest_framework/js/prettify-min.js HTTP/1.1" 200 13632
[30/Jun/2016 15:07:00] "GET /static/rest_framework/js/bootstrap.min.js HTTP/1.1" 200 36816
[30/Jun/2016 15:07:00] "GET /static/rest_framework/js/default.js HTTP/1.1" 200 1760
[30/Jun/2016 15:07:00] "GET /static/rest_framework/img/grid.png HTTP/1.1" 200 1458
[30/Jun/2016 15:07:00] "GET /favicon.ico HTTP/1.1" 404 4574
[30/Jun/2016 15:07:05] "GET /api/categories/1/ HTTP/1.1" 200 7882
Performing system checks...

System check identified no issues (0 silenced).
June 30, 2016 - 15:06:25
Django version 1.8.4, using settings 'ecommerce2.settings'
Starting development server at http://127.0.0.1:8000/
Quit the server with CONTROL-C.
Performing system checks...

System check identified no issues (0 silenced).
June 30, 2016 - 15:09:37
Django version 1.8.4, using settings 'ecommerce2.settings'
Starting development server at http://127.0.0.1:8000/
Quit the server with CONTROL-C.
[30/Jun/2016 15:14:17] "GET /api/categories/ HTTP/1.1" 500 143799
Performing system checks...

System check identified no issues (0 silenced).
June 30, 2016 - 15:13:24
Django version 1.8.4, using settings 'ecommerce2.settings'
Starting development server at http://127.0.0.1:8000/
Quit the server with CONTROL-C.
[30/Jun/2016 15:15:39] "GET /api/categories/ HTTP/1.1" 200 9678
[30/Jun/2016 15:15:39] "GET /static/rest_framework/css/prettify.css HTTP/1.1" 304 0
[30/Jun/2016 15:15:39] "GET /static/rest_framework/css/bootstrap-tweaks.css HTTP/1.1" 304 0
[30/Jun/2016 15:15:39] "GET /static/rest_framework/css/bootstrap.min.css HTTP/1.1" 304 0
[30/Jun/2016 15:15:39] "GET /static/rest_framework/js/jquery-1.11.3.min.js HTTP/1.1" 304 0
[30/Jun/2016 15:15:39] "GET /static/rest_framework/js/ajax-form.js HTTP/1.1" 304 0
[30/Jun/2016 15:15:39] "GET /static/rest_framework/js/csrf.js HTTP/1.1" 304 0
[30/Jun/2016 15:15:39] "GET /static/rest_framework/js/prettify-min.js HTTP/1.1" 304 0
[30/Jun/2016 15:15:39] "GET /static/rest_framework/js/bootstrap.min.js HTTP/1.1" 304 0
[30/Jun/2016 15:15:39] "GET /static/rest_framework/css/default.css HTTP/1.1" 304 0
[30/Jun/2016 15:15:39] "GET /static/rest_framework/js/default.js HTTP/1.1" 304 0
[30/Jun/2016 15:15:39] "GET /static/rest_framework/img/grid.png HTTP/1.1" 304 0
[30/Jun/2016 15:15:42] "GET /api/categories/1/ HTTP/1.1" 200 7882
[30/Jun/2016 15:15:44] "GET /api/products/2/ HTTP/1.1" 200 5131
[30/Jun/2016 15:15:48] "GET /api/products/6/ HTTP/1.1" 200 5193
[30/Jun/2016 15:15:56] "GET /api/products/5/ HTTP/1.1" 200 5064
[30/Jun/2016 15:17:09] "GET /admin/ HTTP/1.1" 302 0
[30/Jun/2016 15:17:09] "GET /admin/login/?next=/admin/ HTTP/1.1" 200 1915
[30/Jun/2016 15:17:20] "POST /admin/login/?next=/admin/ HTTP/1.1" 302 0
[30/Jun/2016 15:17:20] "GET /admin/ HTTP/1.1" 200 9141
[30/Jun/2016 15:17:20] "GET /static/admin/css/dashboard.css HTTP/1.1" 200 434
[30/Jun/2016 15:17:20] "GET /static/admin/img/icon_changelink.gif HTTP/1.1" 200 119
[30/Jun/2016 15:17:20] "GET /static/admin/img/default-bg.gif HTTP/1.1" 200 836
[30/Jun/2016 15:17:20] "GET /static/admin/img/icon_addlink.gif HTTP/1.1" 200 119
[30/Jun/2016 15:17:25] "GET /admin/logout/ HTTP/1.1" 200 1586
[30/Jun/2016 15:17:25] "GET /static/admin/img/nav-bg-reverse.gif HTTP/1.1" 200 178
[30/Jun/2016 15:17:34] "GET /api/categories/1/ HTTP/1.1" 200 7882
[30/Jun/2016 15:17:45] "GET /api/products/2/ HTTP/1.1" 200 5131
[30/Jun/2016 15:17:48] "GET /api/categories/1/ HTTP/1.1" 200 7882
[30/Jun/2016 15:17:51] "GET /api/products/2/ HTTP/1.1" 200 5131
[30/Jun/2016 15:17:53] "GET /api/products/6/ HTTP/1.1" 200 5193
[30/Jun/2016 15:18:01] "GET /api/products/5/ HTTP/1.1" 200 5064
Performing system checks...

System check identified no issues (0 silenced).
June 30, 2016 - 15:15:34
Django version 1.8.4, using settings 'ecommerce2.settings'
Starting development server at http://127.0.0.1:8000/
Quit the server with CONTROL-C.
[30/Jun/2016 15:19:56] "GET /admin HTTP/1.1" 301 0
[30/Jun/2016 15:19:57] "GET /admin/ HTTP/1.1" 302 0
[30/Jun/2016 15:19:57] "GET /admin/login/?next=/admin/ HTTP/1.1" 200 1915
[30/Jun/2016 15:19:57] "GET /static/admin/css/base.css HTTP/1.1" 200 14049
[30/Jun/2016 15:19:57] "GET /static/admin/css/login.css HTTP/1.1" 200 940
[30/Jun/2016 15:19:57] "GET /static/admin/img/nav-bg.gif HTTP/1.1" 200 265
[30/Jun/2016 15:20:01] "GET /api/categories HTTP/1.1" 301 0
[30/Jun/2016 15:20:01] "GET /api/categories/ HTTP/1.1" 200 9678
[30/Jun/2016 15:20:04] "GET /api/products/2/ HTTP/1.1" 200 5131
Performing system checks...

System check identified no issues (0 silenced).
June 30, 2016 - 15:18:23
Django version 1.8.4, using settings 'ecommerce2.settings'
Starting development server at http://127.0.0.1:8000/
Quit the server with CONTROL-C.
[30/Jun/2016 15:24:08] "GET /api/categories/1/ HTTP/1.1" 200 7882
[30/Jun/2016 15:24:08] "GET /static/rest_framework/js/jquery-1.11.3.min.js HTTP/1.1" 304 0
[30/Jun/2016 15:24:08] "GET /static/rest_framework/css/prettify.css HTTP/1.1" 304 0
[30/Jun/2016 15:24:08] "GET /static/rest_framework/css/bootstrap.min.css HTTP/1.1" 304 0
[30/Jun/2016 15:24:08] "GET /static/rest_framework/js/ajax-form.js HTTP/1.1" 304 0
[30/Jun/2016 15:24:08] "GET /static/rest_framework/css/bootstrap-tweaks.css HTTP/1.1" 304 0
[30/Jun/2016 15:24:08] "GET /static/rest_framework/css/default.css HTTP/1.1" 304 0
[30/Jun/2016 15:24:08] "GET /static/rest_framework/js/csrf.js HTTP/1.1" 304 0
[30/Jun/2016 15:24:08] "GET /static/rest_framework/js/bootstrap.min.js HTTP/1.1" 304 0
[30/Jun/2016 15:24:08] "GET /static/rest_framework/js/default.js HTTP/1.1" 304 0
[30/Jun/2016 15:24:08] "GET /static/rest_framework/js/prettify-min.js HTTP/1.1" 304 0
[30/Jun/2016 15:24:08] "GET /static/rest_framework/img/grid.png HTTP/1.1" 304 0
[30/Jun/2016 15:24:11] "GET /api/products/2/ HTTP/1.1" 200 5131
Performing system checks...

System check identified no issues (0 silenced).
June 30, 2016 - 15:23:21
Django version 1.8.4, using settings 'ecommerce2.settings'
Starting development server at http://127.0.0.1:8000/
Quit the server with CONTROL-C.
[30/Jun/2016 15:25:49] "GET /api/categories/1/ HTTP/1.1" 403 4432
[30/Jun/2016 15:25:49] "GET /static/rest_framework/css/bootstrap-tweaks.css HTTP/1.1" 304 0
[30/Jun/2016 15:25:49] "GET /static/rest_framework/css/bootstrap.min.css HTTP/1.1" 304 0
[30/Jun/2016 15:25:49] "GET /static/rest_framework/css/prettify.css HTTP/1.1" 304 0
[30/Jun/2016 15:25:49] "GET /static/rest_framework/css/default.css HTTP/1.1" 304 0
[30/Jun/2016 15:25:49] "GET /static/rest_framework/js/jquery-1.11.3.min.js HTTP/1.1" 304 0
[30/Jun/2016 15:25:49] "GET /static/rest_framework/js/csrf.js HTTP/1.1" 304 0
[30/Jun/2016 15:25:49] "GET /static/rest_framework/js/ajax-form.js HTTP/1.1" 304 0
[30/Jun/2016 15:25:49] "GET /static/rest_framework/js/bootstrap.min.js HTTP/1.1" 304 0
[30/Jun/2016 15:25:49] "GET /static/rest_framework/js/prettify-min.js HTTP/1.1" 304 0
[30/Jun/2016 15:25:49] "GET /static/rest_framework/js/default.js HTTP/1.1" 304 0
[30/Jun/2016 15:25:49] "GET /static/rest_framework/img/grid.png HTTP/1.1" 304 0
[30/Jun/2016 15:25:51] "GET /api/categories/1/ HTTP/1.1" 403 4432
[30/Jun/2016 15:25:51] "GET /static/rest_framework/css/bootstrap.min.css HTTP/1.1" 304 0
[30/Jun/2016 15:25:51] "GET /static/rest_framework/css/prettify.css HTTP/1.1" 304 0
[30/Jun/2016 15:25:51] "GET /static/rest_framework/css/bootstrap-tweaks.css HTTP/1.1" 304 0
[30/Jun/2016 15:25:51] "GET /static/rest_framework/css/default.css HTTP/1.1" 304 0
[30/Jun/2016 15:25:51] "GET /static/rest_framework/js/jquery-1.11.3.min.js HTTP/1.1" 304 0
[30/Jun/2016 15:25:51] "GET /static/rest_framework/js/ajax-form.js HTTP/1.1" 304 0
[30/Jun/2016 15:25:51] "GET /static/rest_framework/js/bootstrap.min.js HTTP/1.1" 304 0
[30/Jun/2016 15:25:51] "GET /static/rest_framework/js/csrf.js HTTP/1.1" 304 0
[30/Jun/2016 15:25:51] "GET /static/rest_framework/js/prettify-min.js HTTP/1.1" 304 0
[30/Jun/2016 15:25:51] "GET /static/rest_framework/js/default.js HTTP/1.1" 304 0
[30/Jun/2016 15:25:51] "GET /static/rest_framework/img/grid.png HTTP/1.1" 304 0
[30/Jun/2016 15:26:02] "GET /admin/ HTTP/1.1" 302 0
[30/Jun/2016 15:26:02] "GET /admin/login/?next=/admin/ HTTP/1.1" 200 1915
[30/Jun/2016 15:26:05] "POST /admin/login/?next=/admin/ HTTP/1.1" 200 2045
[30/Jun/2016 15:26:05] "GET /static/admin/img/icon_error.gif HTTP/1.1" 200 319
[30/Jun/2016 15:26:11] "POST /admin/login/?next=/admin/ HTTP/1.1" 200 2076
[30/Jun/2016 15:26:15] "POST /admin/login/?next=/admin/ HTTP/1.1" 302 0
[30/Jun/2016 15:26:15] "GET /admin/ HTTP/1.1" 200 9141
[30/Jun/2016 15:26:40] "GET /api/categories/ HTTP/1.1" 200 9712
[30/Jun/2016 15:26:43] "GET /api/products/2/ HTTP/1.1" 200 5165
[30/Jun/2016 15:26:46] "GET /api/products/6/ HTTP/1.1" 200 5227
[30/Jun/2016 15:26:57] "GET /admin/ HTTP/1.1" 200 9141
[30/Jun/2016 15:26:59] "GET /admin/logout/ HTTP/1.1" 200 1586
[30/Jun/2016 15:27:08] "GET /admin/carts/cart/ HTTP/1.1" 302 0
[30/Jun/2016 15:27:08] "GET /admin/login/?next=/admin/carts/cart/ HTTP/1.1" 200 1937
[30/Jun/2016 15:27:19] "GET /api/categories/ HTTP/1.1" 200 9678
[30/Jun/2016 15:27:22] "GET /api/products/2/ HTTP/1.1" 200 5131
[30/Jun/2016 15:27:25] "GET /api/products/6/ HTTP/1.1" 200 5193
[30/Jun/2016 15:27:30] "GET /api/categories/1/ HTTP/1.1" 403 4432
[30/Jun/2016 15:27:37] "GET /api/products/2/ HTTP/1.1" 200 5131
[30/Jun/2016 15:27:52] "GET /api/products HTTP/1.1" 301 0
[30/Jun/2016 15:27:52] "GET /api/products/ HTTP/1.1" 403 4273
